<?xml version="1.0" encoding="UTF-8"?>
<!-- Generated by org.testng.reporters.JUnitXMLReporter -->
<testsuite ignored="0" hostname="LAPTOP-M9NR2LIP" failures="0" tests="4" name="Default test" time="0.174" errors="0" timestamp="2020-10-26T15:23:42 IST">
  <testcase classname="com.moxie.pages.BaseClass" name="@BeforeClass setup" time="-1.603706022499E9">
    <failure type="org.testng.TestNGException" message="
Parameter &amp;apos;browser&amp;apos; is required by BeforeClass on method setup but has not been marked @Optional or defined
in C:\Users\achat\AppData\Local\Temp\testng-eclipse--382585944\testng-customsuite.xml">
      <![CDATA[org.testng.TestNGException: 
Parameter 'browser' is required by BeforeClass on method setup but has not been marked @Optional or defined
in C:\Users\achat\AppData\Local\Temp\testng-eclipse--382585944\testng-customsuite.xml
at org.testng.internal.Parameters.createParams(Parameters.java:272)
at org.testng.internal.Parameters.createParametersForMethod(Parameters.java:360)
at org.testng.internal.Parameters.createParameters(Parameters.java:704)
at org.testng.internal.Parameters.createConfigurationParameters(Parameters.java:166)
at org.testng.internal.ConfigInvoker.invokeConfigurations(ConfigInvoker.java:283)
at org.testng.internal.TestMethodWorker.invokeBeforeClassMethods(TestMethodWorker.java:176)
at org.testng.internal.TestMethodWorker.run(TestMethodWorker.java:122)
at java.base/java.util.ArrayList.forEach(ArrayList.java:1507)
at org.testng.TestRunner.privateRun(TestRunner.java:766)
at org.testng.TestRunner.run(TestRunner.java:587)
at org.testng.SuiteRunner.runTest(SuiteRunner.java:384)
at org.testng.SuiteRunner.runSequentially(SuiteRunner.java:378)
at org.testng.SuiteRunner.privateRun(SuiteRunner.java:337)
at org.testng.SuiteRunner.run(SuiteRunner.java:286)
at org.testng.SuiteRunnerWorker.runSuite(SuiteRunnerWorker.java:53)
at org.testng.SuiteRunnerWorker.run(SuiteRunnerWorker.java:96)
at org.testng.TestNG.runSuitesSequentially(TestNG.java:1187)
at org.testng.TestNG.runSuitesLocally(TestNG.java:1109)
at org.testng.TestNG.runSuites(TestNG.java:1039)
at org.testng.TestNG.run(TestNG.java:1007)
at org.testng.remote.AbstractRemoteTestNG.run(AbstractRemoteTestNG.java:115)
at org.testng.remote.RemoteTestNG.initAndRun(RemoteTestNG.java:251)
at org.testng.remote.RemoteTestNG.main(RemoteTestNG.java:77)
]]>
    </failure>
  </testcase> <!-- @BeforeClass setup -->
  <testcase classname="com.moxie.pages.BaseClass" name="@AfterMethod tearDownMethod" time="-1.603706022582E9">
    <skipped/>
  </testcase> <!-- @AfterMethod tearDownMethod -->
  <testcase classname="com.moxie.pages.BaseClass" name="@AfterMethod tearDownMethod" time="-1.603706022598E9">
    <skipped/>
  </testcase> <!-- @AfterMethod tearDownMethod -->
  <testcase classname="com.moxie.pages.BaseClass" name="@AfterMethod tearDownMethod" time="-1.603706022609E9">
    <skipped/>
  </testcase> <!-- @AfterMethod tearDownMethod -->
  <testcase classname="com.moxie.pages.BaseClass" name="@AfterMethod tearDownMethod" time="-1.603706022621E9">
    <skipped/>
  </testcase> <!-- @AfterMethod tearDownMethod -->
  <testcase classname="com.moxie.pages.BaseClass" name="@AfterClass tearDown" time="-1.603706022624E9">
    <skipped/>
  </testcase> <!-- @AfterClass tearDown -->
  <testcase classname="com.moxie.tastcases.MoxieChangeTime" name="checkTypeIsWorking" time="0.0">
    <skipped/>
  </testcase> <!-- checkTypeIsWorking -->
  <testcase classname="com.moxie.tastcases.MoxieChangeTime" name="selectFirstFlexPay" time="0.0">
    <skipped/>
  </testcase> <!-- selectFirstFlexPay -->
  <testcase classname="com.moxie.tastcases.MoxieChangeTime" name="loginForBookingPage" time="0.0">
    <skipped/>
  </testcase> <!-- loginForBookingPage -->
  <testcase classname="com.moxie.tastcases.MoxieChangeTime" name="changeTimeZone" time="0.0">
    <skipped/>
  </testcase> <!-- changeTimeZone -->
</testsuite> <!-- Default test -->
