<?xml version="1.0" encoding="UTF-8"?>
<!-- Generated by org.testng.reporters.JUnitXMLReporter -->
<testsuite ignored="0" hostname="LAPTOP-M9NR2LIP" failures="0" tests="4" name="edge" time="13.75" errors="0" timestamp="2020-10-27T12:11:49 IST">
  <testcase classname="com.moxie.pages.BaseClass" name="@BeforeClass setup" time="13.701">
    <failure type="org.openqa.selenium.SessionNotCreatedException" message="session not created
from chrome not reachable
  (Session info: MicrosoftEdge=86.0.622.51)
Build info: version: &amp;apos;3.141.59&amp;apos;, revision: &amp;apos;e82be7d358&amp;apos;, time: &amp;apos;2018-11-14T08:17:03&amp;apos;
System info: host: &amp;apos;LAPTOP-M9NR2LIP&amp;apos;, ip: &amp;apos;192.168.43.249&amp;apos;, os.name: &amp;apos;Windows 10&amp;apos;, os.arch: &amp;apos;amd64&amp;apos;, os.version: &amp;apos;10.0&amp;apos;, java.version: &amp;apos;13.0.2&amp;apos;
Driver info: driver.version: EdgeDriver
remote stacktrace: Backtrace:
	Ordinal0 [0x00007FF7D7F510C2+4133058]
	Ordinal0 [0x00007FF7D7E2A2F9+2925305]
	Ordinal0 [0x00007FF7D7C938A3+1259683]
	Ordinal0 [0x00007FF7D7C864B9+1205433]
	Ordinal0 [0x00007FF7D7C86FE5+1208293]
	Ordinal0 [0x00007FF7D7C88239+1212985]
	Ordinal0 [0x00007FF7D7C8287E+1190014]
	Ordinal0 [0x00007FF7D7C103A4+721828]
	Ordinal0 [0x00007FF7D7C0C61F+706079]
	Ordinal0 [0x00007FF7D7BE8713+558867]
	Ordinal0 [0x00007FF7D7BE94AB+562347]
	Ordinal0 [0x00007FF7D7E475FD+3044861]
	GetHandleVerifier [0x00007FF7D8096F19+1211193]
	GetHandleVerifier [0x00007FF7D80A8CF1+1284369]
	GetHandleVerifier [0x00007FF7D80978A9+1213641]
	Ordinal0 [0x00007FF7D7E3AAE1+2992865]
	Ordinal0 [0x00007FF7D7E494E5+3052773]
	Ordinal0 [0x00007FF7D7E5E777+3139447]
	BaseThreadInitThunk [0x00007FFA47F17034+20]
	RtlUserThreadStart [0x00007FFA4955CEC1+33]
">
      <![CDATA[org.openqa.selenium.SessionNotCreatedException: session not created
from chrome not reachable
  (Session info: MicrosoftEdge=86.0.622.51)
Build info: version: '3.141.59', revision: 'e82be7d358', time: '2018-11-14T08:17:03'
System info: host: 'LAPTOP-M9NR2LIP', ip: '192.168.43.249', os.name: 'Windows 10', os.arch: 'amd64', os.version: '10.0', java.version: '13.0.2'
Driver info: driver.version: EdgeDriver
remote stacktrace: Backtrace:
Ordinal0 [0x00007FF7D7F510C2+4133058]
Ordinal0 [0x00007FF7D7E2A2F9+2925305]
Ordinal0 [0x00007FF7D7C938A3+1259683]
Ordinal0 [0x00007FF7D7C864B9+1205433]
Ordinal0 [0x00007FF7D7C86FE5+1208293]
Ordinal0 [0x00007FF7D7C88239+1212985]
Ordinal0 [0x00007FF7D7C8287E+1190014]
Ordinal0 [0x00007FF7D7C103A4+721828]
Ordinal0 [0x00007FF7D7C0C61F+706079]
Ordinal0 [0x00007FF7D7BE8713+558867]
Ordinal0 [0x00007FF7D7BE94AB+562347]
Ordinal0 [0x00007FF7D7E475FD+3044861]
GetHandleVerifier [0x00007FF7D8096F19+1211193]
GetHandleVerifier [0x00007FF7D80A8CF1+1284369]
GetHandleVerifier [0x00007FF7D80978A9+1213641]
Ordinal0 [0x00007FF7D7E3AAE1+2992865]
Ordinal0 [0x00007FF7D7E494E5+3052773]
Ordinal0 [0x00007FF7D7E5E777+3139447]
BaseThreadInitThunk [0x00007FFA47F17034+20]
RtlUserThreadStart [0x00007FFA4955CEC1+33]

at org.openqa.selenium.remote.W3CHandshakeResponse.lambda$errorHandler$0(W3CHandshakeResponse.java:62)
at org.openqa.selenium.remote.HandshakeResponse.lambda$getResponseFunction$0(HandshakeResponse.java:30)
at org.openqa.selenium.remote.ProtocolHandshake.lambda$createSession$0(ProtocolHandshake.java:126)
at java.base/java.util.stream.ReferencePipeline$3$1.accept(ReferencePipeline.java:195)
at java.base/java.util.Spliterators$ArraySpliterator.tryAdvance(Spliterators.java:958)
at java.base/java.util.stream.ReferencePipeline.forEachWithCancel(ReferencePipeline.java:127)
at java.base/java.util.stream.AbstractPipeline.copyIntoWithCancel(AbstractPipeline.java:502)
at java.base/java.util.stream.AbstractPipeline.copyInto(AbstractPipeline.java:488)
at java.base/java.util.stream.AbstractPipeline.wrapAndCopyInto(AbstractPipeline.java:474)
at java.base/java.util.stream.FindOps$FindOp.evaluateSequential(FindOps.java:150)
at java.base/java.util.stream.AbstractPipeline.evaluate(AbstractPipeline.java:234)
at java.base/java.util.stream.ReferencePipeline.findFirst(ReferencePipeline.java:543)
at org.openqa.selenium.remote.ProtocolHandshake.createSession(ProtocolHandshake.java:128)
at org.openqa.selenium.remote.ProtocolHandshake.createSession(ProtocolHandshake.java:74)
at org.openqa.selenium.remote.HttpCommandExecutor.execute(HttpCommandExecutor.java:136)
at org.openqa.selenium.remote.service.DriverCommandExecutor.execute(DriverCommandExecutor.java:83)
at org.openqa.selenium.remote.RemoteWebDriver.execute(RemoteWebDriver.java:552)
at org.openqa.selenium.remote.RemoteWebDriver.startSession(RemoteWebDriver.java:213)
at org.openqa.selenium.remote.RemoteWebDriver.<init>(RemoteWebDriver.java:131)
at org.openqa.selenium.edge.EdgeDriver.<init>(EdgeDriver.java:141)
at org.openqa.selenium.edge.EdgeDriver.<init>(EdgeDriver.java:96)
at com.moxie.utilities.BrowserFactory.startApplication(BrowserFactory.java:27)
at com.moxie.pages.BaseClass.setup(BaseClass.java:45)
at java.base/java.util.ArrayList.forEach(ArrayList.java:1507)
at java.base/java.util.concurrent.FutureTask.run(FutureTask.java:264)
at java.base/java.util.concurrent.ThreadPoolExecutor.runWorker(ThreadPoolExecutor.java:1128)
at java.base/java.util.concurrent.ThreadPoolExecutor$Worker.run(ThreadPoolExecutor.java:628)
at java.base/java.lang.Thread.run(Thread.java:830)
... Removed 21 stack frames]]>
    </failure>
  </testcase> <!-- @BeforeClass setup -->
  <testcase classname="com.moxie.pages.BaseClass" name="@AfterMethod tearDownMethod" time="-1.603780909049E9">
    <skipped/>
  </testcase> <!-- @AfterMethod tearDownMethod -->
  <testcase classname="com.moxie.pages.BaseClass" name="@AfterMethod tearDownMethod" time="-1.60378090906E9">
    <skipped/>
  </testcase> <!-- @AfterMethod tearDownMethod -->
  <testcase classname="com.moxie.pages.BaseClass" name="@AfterMethod tearDownMethod" time="-1.603780909067E9">
    <skipped/>
  </testcase> <!-- @AfterMethod tearDownMethod -->
  <testcase classname="com.moxie.pages.BaseClass" name="@AfterMethod tearDownMethod" time="-1.603780909073E9">
    <skipped/>
  </testcase> <!-- @AfterMethod tearDownMethod -->
  <testcase classname="com.moxie.pages.BaseClass" name="@AfterClass tearDown" time="-1.603780909076E9">
    <skipped/>
  </testcase> <!-- @AfterClass tearDown -->
  <testcase classname="com.moxie.tastcases.MoxieChangeTime" name="checkTypeIsWorking" time="0.0">
    <skipped/>
  </testcase> <!-- checkTypeIsWorking -->
  <testcase classname="com.moxie.tastcases.MoxieChangeTime" name="selectFirstFlexPay" time="0.0">
    <skipped/>
  </testcase> <!-- selectFirstFlexPay -->
  <testcase classname="com.moxie.tastcases.MoxieChangeTime" name="loginForBookingPage" time="0.0">
    <skipped/>
  </testcase> <!-- loginForBookingPage -->
  <testcase classname="com.moxie.tastcases.MoxieChangeTime" name="changeTimeZone" time="0.0">
    <skipped/>
  </testcase> <!-- changeTimeZone -->
</testsuite> <!-- edge -->
